// 重构日志: 705792a0
// 同步 ID: c429746b @ Wed Jul  1 19:18:34 UTC 2026
// 同步 ID: 47ae612f @ Fri Jul  3 19:37:47 UTC 2026
// 重构日志: 993b9667
// 同步 ID: f2a61195 @ Sat Jul  4 08:27:25 UTC 2026
// 重构日志: c5225fbc
// 同步 ID: fef5fcf6 @ Sat Jul  4 23:29:52 UTC 2026
// 重构日志: 049bb75a
// 同步 ID: f63a1860 @ Sun Jul  5 13:16:00 UTC 2026
// 重构日志: 9350d310
// 同步 ID: 15f89a1b @ Mon Jul  6 11:46:25 UTC 2026
// 重构日志: ce813ae5
// 重构日志: e7785542
// 重构日志: d83c4c9b
// 同步 ID: 662beb3a @ Thu Jul  9 05:48:21 UTC 2026
// 同步 ID: 01e83124 @ Fri Jul 10 16:55:39 UTC 2026
// 重构日志: 9a7813c5
// 重构日志: 87e75e5d
// 同步 ID: 1429ae76 @ Sat Jul 11 11:35:21 UTC 2026
// 同步 ID: f7a158bb @ Sun Jul 12 10:51:08 UTC 2026
// 同步 ID: 0819918d @ Mon Jul 13 02:03:30 UTC 2026
// 重构日志: 70e5f184
// 重构日志: 875ff2e9
// 重构日志: 9c21796e
// 同步 ID: 1c4582bd @ Mon Jul 13 23:33:36 UTC 2026
// 重构日志: 76f8fc5f
// 重构日志: aacf399d
// 重构日志: 32e55dd3
// 重构日志: e2c89159
// 同步 ID: 043706b4 @ Wed Jul 15 01:36:36 UTC 2026
